INFO:coverage:App httpd is disabled, skipping...
INFO:coverage:Extracting system calls for lighttpd
INFO:coverage:outputs//lighttpd.syscall.out doesn't exist, generating first
INFO:coverage:--->Starting Direct Syscall Extraction
INFO:coverage:Extracting direct system call invocations
ERROR:coverage:Can't reason about syscall in function: EC_GFp_nistp521_method@@OPENSSL_1_1_0 in line:   102e2b:	0f 05                	syscall 

INFO:coverage:<---Finished Direct Syscall Extraction

INFO:coverage:directSyscallSet: {2, 164, 175, 176, 313, 251, 252, 318}
INFO:coverage:---> Starting readLibrariesWithLdd
INFO:coverage:<---Finished readLibrariesWithLdd

INFO:coverage:binaryCfgPath: callgraphs/lighttpd.svf.new.type.fp.wglobal.cfg
INFO:coverage:The library call graph doesn't exist, considering all imported functions for: libpcre2-8
INFO:coverage:The library call graph exists for: libcrypto
INFO:coverage:self.cfgPath: ./otherCfgs/
INFO:coverage:fileName in binary call: lighttpd
INFO:coverage:Adding function starts for lighttpd
INFO:coverage:fileName in binary call: libpcre.so.3
INFO:coverage:tmpFileName lib: libpcre
INFO:coverage:The call graph exists for: libpcre.so.3
INFO:coverage:fileName in binary call: mod_staticfile.so
INFO:coverage:Adding function starts for mod_staticfile.so
INFO:coverage:fileName in binary call: chmod
INFO:coverage:Adding function starts for chmod
INFO:coverage:fileName in binary call: libpcre2-8.so.0
INFO:coverage:tmpFileName lib: libpcre2
INFO:coverage:Adding function starts for libpcre2-8.so.0
INFO:coverage:fileName in binary call: .cache
INFO:coverage:Adding function starts for .cache
WARNING:coverage:Function extraction for file: .cache failed!
INFO:coverage:fileName in binary call: mod_indexfile.so
INFO:coverage:Adding function starts for mod_indexfile.so
INFO:coverage:fileName in binary call: libpcre2-8.so.0.11.0
INFO:coverage:tmpFileName lib: libpcre2
INFO:coverage:Adding function starts for libpcre2-8.so.0.11.0
INFO:coverage:fileName in binary call: ld-musl-x86_64.so.1
INFO:coverage:Adding function starts for ld-musl-x86_64.so.1
WARNING:coverage:Function extraction for file: ld-musl-x86_64.so.1 failed!
INFO:coverage:fileName in binary call: mod_dirlisting.so
INFO:coverage:Adding function starts for mod_dirlisting.so
INFO:coverage:fileName in binary call: mod_accesslog.so
INFO:coverage:Adding function starts for mod_accesslog.so
INFO:coverage:fileName in binary call: libcrypto.so.1.1
INFO:coverage:tmpFileName lib: libcrypto
INFO:coverage:The call graph exists for: libcrypto.so.1.1
INFO:coverage:fileName in binary call: sh
INFO:coverage:Adding function starts for sh
INFO:coverage:fileName in binary call: mod_access.so
INFO:coverage:Adding function starts for mod_access.so
INFO:coverage:allSyscallsFineGrain: {0, 1, 2, 3, 4, 5, 6, 7, 8, 9, 10, 11, 12, 13, 14, 15, 16, 17, 18, 19, 20, 21, 22, 23, 24, 25, 28, 29, 30, 31, 32, 33, 34, 35, 37, 38, 39, 40, 41, 42, 43, 44, 45, 46, 47, 48, 49, 50, 51, 52, 53, 54, 55, 56, 58, 59, 60, 61, 62, 63, 64, 65, 66, 67, 68, 71, 72, 73, 74, 75, 77, 78, 79, 80, 81, 82, 83, 84, 85, 86, 87, 88, 89, 90, 91, 92, 93, 94, 95, 96, 97, 99, 100, 102, 103, 104, 105, 106, 107, 108, 109, 110, 111, 112, 115, 116, 117, 118, 119, 120, 124, 125, 126, 128, 130, 133, 134, 135, 137, 138, 140, 141, 143, 144, 145, 146, 147, 155, 157, 158, 159, 160, 161, 162, 164, 165, 166, 167, 168, 169, 170, 174, 177, 178, 186, 187, 201, 202, 204, 218, 227, 228, 229, 231, 232, 233, 234, 235, 253, 254, 255, 257, 262, 272, 273, 275, 280, 285, 288, 291, 293, 294, 296, 306, 308, 318, 319, 322, 325, 326, 327, 328, 329, 330, 331}
INFO:coverage:masterstartNodes: 1
INFO:coverage:accessibleFuncsLen: 281
INFO:coverage:workerstartNodes: 1
INFO:coverage:accessibleFuncsLen: 162
INFO:coverage:Finished extracting temporal worker system calls with len: 191 and 172 for lighttpd
INFO:coverage:outputs//lighttpd.syscall.out exists, creating stats
INFO:coverage:///////////////// Initialization phase /////////////////
INFO:coverage:Number of system call:  187
INFO:coverage:WhiteList: {'chdir', 'execveat', 'time', 'pipe', 'ioctl', 'setpgid', 'bind', 'setsockopt', 'creat', 'connect', 'rt_sigaction', 'setgroups', 'getpriority', 'personality', 'sched_getaffinity', 'clock_getres', 'getresuid', 'rt_sigtimedwait', 'brk', 'sched_get_priority_min', 'inotify_rm_watch', 'clock_gettime', 'fchdir', 'shmctl', 'read', 'mmap', 'semop', 'sched_getparam', 'arch_prctl', 'gettimeofday', 'rename', 'readahead', 'getpid', 'ioprio_get', 'sendto', 'msgctl', 'adjtimex', 'getuid', 'inotify_init1', 'set_tid_address', 'readv', 'exit_group', 'shutdown', 'sched_setscheduler', 'setuid', 'fchmod', 'setsid', 'rmdir', 'alarm', 'madvise', 'lstat', 'wait4', 'preadv2', 'nanosleep', 'openat', 'setpriority', 'link', 'capget', 'epoll_ctl', 'msgget', 'socket', 'getsockname', 'dup2', 'mkdir', 'pwrite64', 'getrandom', 'shmget', 'syncfs', 'kill', 'accept', 'fdatasync', 'getpgrp', 'lchown', 'getresgid', 'close', 'mount', 'chown', 'set_robust_list', 'tgkill', 'copy_file_range', 'times', 'gettid', 'ftruncate', 'pipe2', 'geteuid', 'uselib', 'munmap', 'setitimer', 'rt_sigsuspend', 'uname', 'utimes', 'stat', 'writev', 'rt_sigreturn', 'getdents', 'getsid', 'readlink', 'capset', 'accept4', 'open', 'reboot', 'memfd_create', 'sync', 'umask', 'swapoff', 'fallocate', 'init_module', 'pkey_free', 'flock', 'fcntl', 'getrlimit', 'syslog', 'mknod', 'semctl', 'epoll_create1', 'finit_module', 'execve', 'lseek', 'epoll_create', 'sched_yield', 'getsockopt', 'vfork', 'semget', 'chroot', 'mremap', 'unshare', 'setresuid', 'futex', 'pause', 'setgid', 'sendmsg', 'inotify_add_watch', 'write', 'swapon', 'epoll_wait', 'select', 'fstat', 'sysinfo', 'getgid', 'poll', 'shmdt', 'delete_module', 'getgroups', 'settimeofday', 'exit', 'socketpair', 'recvfrom', 'pkey_alloc', 'fchown', 'sched_getscheduler', 'recvmsg', 'rt_sigprocmask', 'clone', 'setresgid', 'unlink', 'pwritev', 'sendfile', 'chmod', 'getpeername', 'mprotect', 'getegid', 'statfs', 'clock_settime', 'setrlimit', 'prctl', 'getcwd', 'pkey_mprotect', 'fsync', 'splice', 'access', 'sched_get_priority_max', 'sethostname', 'newfstatat', 'ioprio_set', 'pwritev2', 'inotify_init', 'shmat', 'pivot_root', 'symlink', 'fstatfs', 'dup', 'setns', 'mlock2', 'listen', 'getppid', 'utimensat', 'pread64'}
INFO:coverage:///////////////// Serving phase /////////////////
INFO:coverage:Number of system call:  168
INFO:coverage:WhiteList: {'execveat', 'time', 'pipe', 'ioctl', 'setpgid', 'setsockopt', 'creat', 'connect', 'rt_sigaction', 'getpriority', 'sched_getaffinity', 'personality', 'clock_getres', 'getresuid', 'rt_sigtimedwait', 'brk', 'sched_get_priority_min', 'inotify_rm_watch', 'clock_gettime', 'fchdir', 'shmctl', 'read', 'mmap', 'semop', 'sched_getparam', 'arch_prctl', 'gettimeofday', 'rename', 'readahead', 'getpid', 'ioprio_get', 'sendto', 'msgctl', 'adjtimex', 'inotify_init1', 'set_tid_address', 'readv', 'exit_group', 'shutdown', 'sched_setscheduler', 'fchmod', 'rmdir', 'madvise', 'lstat', 'wait4', 'preadv2', 'nanosleep', 'openat', 'setpriority', 'link', 'capget', 'epoll_ctl', 'msgget', 'socket', 'getsockname', 'dup2', 'mkdir', 'pwrite64', 'getrandom', 'shmget', 'syncfs', 'kill', 'accept', 'fdatasync', 'getpgrp', 'lchown', 'getresgid', 'close', 'mount', 'chown', 'set_robust_list', 'tgkill', 'copy_file_range', 'times', 'gettid', 'ftruncate', 'pipe2', 'uselib', 'munmap', 'setitimer', 'rt_sigsuspend', 'uname', 'utimes', 'stat', 'writev', 'rt_sigreturn', 'getdents', 'getsid', 'capset', 'accept4', 'open', 'reboot', 'memfd_create', 'sync', 'umask', 'swapoff', 'fallocate', 'init_module', 'pkey_free', 'flock', 'fcntl', 'getrlimit', 'syslog', 'mknod', 'semctl', 'epoll_create1', 'finit_module', 'execve', 'lseek', 'sched_yield', 'getsockopt', 'vfork', 'semget', 'mremap', 'unshare', 'setresuid', 'futex', 'pause', 'sendmsg', 'inotify_add_watch', 'write', 'swapon', 'epoll_wait', 'select', 'fstat', 'sysinfo', 'poll', 'shmdt', 'delete_module', 'getgroups', 'settimeofday', 'exit', 'socketpair', 'recvfrom', 'pkey_alloc', 'fchown', 'sched_getscheduler', 'recvmsg', 'rt_sigprocmask', 'clone', 'setresgid', 'unlink', 'pwritev', 'sendfile', 'mprotect', 'statfs', 'clock_settime', 'getcwd', 'pkey_mprotect', 'fsync', 'splice', 'access', 'sched_get_priority_max', 'sethostname', 'newfstatat', 'ioprio_set', 'pwritev2', 'inotify_init', 'shmat', 'pivot_root', 'symlink', 'fstatfs', 'dup', 'setns', 'mlock2', 'getppid', 'utimensat', 'pread64'}
INFO:coverage:///////////////// Blocking /////////////////
INFO:coverage:///////////////// Blocking Initialization phase /////////////////
INFO:coverage:Number of system call:  133
INFO:coverage:WhiteList: {'tkill', 'open_by_handle_at', 'setregid', 'rt_sigqueueinfo', 'sendmmsg', 'dup3', 'mq_getsetattr', 'io_setup', 'getpgid', 'getdents64', 'eventfd2', 'ppoll', 'clock_nanosleep', 'timer_delete', 'fork', 'kexec_load', 'timer_create', 'get_thread_area', 'fsetxattr', 'getxattr', 'utime', 'setdomainname', 'get_robust_list', 'move_pages', 'bpf', 'get_mempolicy', 'symlinkat', 'getitimer', 'userfaultfd', 'io_cancel', 'llistxattr', 'add_key', 'getcpu', 'rt_tgsigqueueinfo', 'fremovexattr', 'faccessat', 'waitid', 'sched_getattr', 'signalfd', 'timer_getoverrun', 'mkdirat', 'semtimedop', 'process_vm_readv', 'process_vm_writev', 'timer_gettime', 'mlockall', 'lgetxattr', 'fadvise64', 'lsetxattr', 'ptrace', 'timer_settime', 'renameat', 'mknodat', 'rt_sigpending', 'mlock', 'flistxattr', 'io_pgetevents', 'mbind', 'signalfd4', 'renameat2', 'mq_timedreceive', 'msync', 'rseq', 'prlimit64', 'futimesat', 'setxattr', 'fchownat', 'pselect6', 'tee', 'mq_unlink', 'perf_event_open', 'request_key', 'restart_syscall', 'lremovexattr', 'keyctl', 'migrate_pages', 'sched_setparam', 'ustat', 'kcmp', 'fchmodat', 'msgsnd', 'msgrcv', 'fanotify_init', 'acct', 'mq_open', 'timerfd_create', 'timerfd_gettime', 'eventfd', 'removexattr', 'preadv', 'name_to_handle_at', 'fgetxattr', 'sched_setattr', 'sched_rr_get_interval', 'quotactl', 'unlinkat', 'remap_file_pages', 'kexec_file_load', 'setfsuid', 'sync_file_range', 'epoll_pwait', 'seccomp', 'setfsgid', 'getrusage', 'iopl', 'io_destroy', 'clock_adjtime', 'readlinkat', 'io_submit', 'recvmmsg', 'sysfs', 'set_thread_area', 'listxattr', 'timerfd_settime', 'sigaltstack', 'linkat', 'fanotify_mark', 'mq_timedsend', 'vhangup', 'io_getevents', 'sched_setaffinity', 'membarrier', 'munlock', 'mincore', 'ioperm', 'truncate', 'setreuid', 'modify_ldt', 'vmsplice', 'statx', 'set_mempolicy', 'mq_notify', 'munlockall'}
INFO:coverage:///////////////// Blocking Serving phase /////////////////
INFO:coverage:Number of system call:  152
INFO:coverage:WhiteList: {'chdir', 'bind', 'tkill', 'setgroups', 'open_by_handle_at', 'setregid', 'rt_sigqueueinfo', 'sendmmsg', 'dup3', 'mq_getsetattr', 'io_setup', 'getpgid', 'getuid', 'getdents64', 'eventfd2', 'ppoll', 'clock_nanosleep', 'setuid', 'setsid', 'alarm', 'timer_delete', 'fork', 'kexec_load', 'timer_create', 'get_thread_area', 'fsetxattr', 'getxattr', 'utime', 'setdomainname', 'get_robust_list', 'move_pages', 'bpf', 'get_mempolicy', 'symlinkat', 'getitimer', 'userfaultfd', 'io_cancel', 'llistxattr', 'add_key', 'getcpu', 'rt_tgsigqueueinfo', 'fremovexattr', 'faccessat', 'waitid', 'sched_getattr', 'signalfd', 'timer_getoverrun', 'mkdirat', 'semtimedop', 'process_vm_readv', 'process_vm_writev', 'timer_gettime', 'geteuid', 'mlockall', 'lgetxattr', 'fadvise64', 'lsetxattr', 'ptrace', 'timer_settime', 'renameat', 'mknodat', 'rt_sigpending', 'mlock', 'flistxattr', 'io_pgetevents', 'mbind', 'signalfd4', 'readlink', 'renameat2', 'mq_timedreceive', 'msync', 'rseq', 'prlimit64', 'futimesat', 'setxattr', 'fchownat', 'pselect6', 'tee', 'mq_unlink', 'perf_event_open', 'request_key', 'restart_syscall', 'lremovexattr', 'keyctl', 'migrate_pages', 'sched_setparam', 'ustat', 'epoll_create', 'kcmp', 'fchmodat', 'chroot', 'msgsnd', 'msgrcv', 'fanotify_init', 'acct', 'mq_open', 'timerfd_create', 'timerfd_gettime', 'eventfd', 'removexattr', 'preadv', 'name_to_handle_at', 'setgid', 'fgetxattr', 'sched_setattr', 'sched_rr_get_interval', 'quotactl', 'getgid', 'unlinkat', 'remap_file_pages', 'kexec_file_load', 'setfsuid', 'sync_file_range', 'epoll_pwait', 'seccomp', 'setfsgid', 'getrusage', 'iopl', 'io_destroy', 'clock_adjtime', 'readlinkat', 'io_submit', 'recvmmsg', 'chmod', 'getpeername', 'getegid', 'sysfs', 'set_thread_area', 'listxattr', 'setrlimit', 'prctl', 'timerfd_settime', 'sigaltstack', 'linkat', 'fanotify_mark', 'mq_timedsend', 'vhangup', 'io_getevents', 'sched_setaffinity', 'membarrier', 'munlock', 'mincore', 'ioperm', 'truncate', 'setreuid', 'modify_ldt', 'vmsplice', 'statx', 'set_mempolicy', 'listen', 'mq_notify', 'munlockall'}
INFO:coverage:////////////////////////////////////////////appName: lighttpd libdebloating: 0 temporal: 168 ////////////////////////////////////
INFO:coverage:App nginx is disabled, skipping...
INFO:coverage:App memcached is disabled, skipping...
INFO:coverage:App redis-server is disabled, skipping...
INFO:coverage:App bind is disabled, skipping...
